FileManager/build/intermediates/manifest_merge_blame_file/fossDebug/manifest-merger-blame-foss-debug-report.txt
1<?xml version="1.0" encoding="utf-8"?>
2<manifest xmlns:android="http://schemas.android.com/apk/res/android"
3    package="org.openintents.filemanager"
4    android:installLocation="auto"
5    android:versionCode="47"
6    android:versionName="2.3.1" >
7
8    <uses-sdk
9        android:minSdkVersion="14"
10        android:targetSdkVersion="29" />
11    <!--
12    History: 
13	 * * * UPDATE ATRACKDOG METADATA BELOW FOR RELEASE CANDIDATES * * *
14	[35] 2.1.0:
15	[34] 2.0.7: 2014-02-19
16	[32] 2.0.6: 2014-02-17
17	[31] 2.0.5: 2014-02-14
18	[30] 2.0.4: 2013-12-05
19	[29] 2.0.3: 2013-12-05
20	[26] 2.0.2: 2012-11-10
21	[25] 2.0.1: 2012-11-09 
22	[24] 2.0: 2012-11-08
23	[23] 2.0-rc2: 2012-11-01
24	[22] 1.3.1-rc1: 2012-10-13
25	[21] 1.3: 2012-10-31 
26	[20] 1.2: 2012-02-18
27	[19] 1.2-rc2: 2012-02-04
28	[18] 1.2-rc1: 2012-01-26
29	[17] 1.1.6: 2011-06-02
30	[16] 1.1.5: 2011-05-28
31	[14] 1.1.4: 2011-02-05
32	[9] 1.1.3: 2010-05-29
33	[8] 1.1.2: 2010-05-29
34	[7] 1.1.1: 2009-12-26
35	[5] 1.1.0: 2009-10-30
36	[3] 1.0.2: 2009-10-15
37	[2] 1.0.1: 2009-01-16 
38	[1] 1.0.0: 2008-12-10
39    -->
40    <uses-permission android:name="android.permission.WRITE_EXTERNAL_STORAGE" />
40-->src/main/AndroidManifest.xml:53:5-80
40-->src/main/AndroidManifest.xml:53:22-78
41    <uses-permission android:name="android.permission.READ_EXTERNAL_STORAGE" />
41-->src/main/AndroidManifest.xml:54:5-79
41-->src/main/AndroidManifest.xml:54:22-77
42    <uses-permission android:name="com.android.launcher.permission.INSTALL_SHORTCUT" />
42-->src/main/AndroidManifest.xml:55:5-87
42-->src/main/AndroidManifest.xml:55:22-85
43
44    <uses-feature
44-->src/main/AndroidManifest.xml:57:5-59:35
45        android:name="android.hardware.touchscreen"
45-->src/main/AndroidManifest.xml:58:9-52
46        android:required="false" />
46-->src/main/AndroidManifest.xml:59:9-33
47
48    <application
48-->src/main/AndroidManifest.xml:63:5-280:19
49        android:name="org.openintents.filemanager.FileManagerApplication"
49-->src/main/AndroidManifest.xml:65:9-46
50        android:allowBackup="true"
50-->src/main/AndroidManifest.xml:64:9-35
51        android:appComponentFactory="androidx.core.app.CoreComponentFactory"
51-->[androidx.core:core:1.1.0] AndroidManifest.xml:24:18-86
52        android:debuggable="true"
53        android:icon="@drawable/ic_launcher"
53-->src/main/AndroidManifest.xml:66:9-45
54        android:label="@string/app_name"
54-->src/main/AndroidManifest.xml:67:9-41
55        android:testOnly="true"
56        android:theme="@style/Theme.Launch" >
56-->src/main/AndroidManifest.xml:68:9-44
57        <meta-data
57-->src/foss/AndroidManifest.xml:6:9-8:37
58            android:name="hideDonate"
58-->src/foss/AndroidManifest.xml:7:13-38
59            android:value="false" />
59-->src/foss/AndroidManifest.xml:8:13-34
60        <meta-data
60-->src/main/AndroidManifest.xml:69:9-71:36
61            android:name="hideMarketLink"
61-->src/main/AndroidManifest.xml:70:13-42
62            android:value="false" /> <!-- aTrackDog metadata -->
62-->src/main/AndroidManifest.xml:71:13-34
63        <meta-data
63-->src/main/AndroidManifest.xml:74:9-76:33
64            android:name="com.a0soft.gphone.aTrackDog.testVersion"
64-->src/main/AndroidManifest.xml:75:13-67
65            android:value="28" />
65-->src/main/AndroidManifest.xml:76:13-31
66        <meta-data
66-->src/main/AndroidManifest.xml:77:9-79:44
67            android:name="org.openintents.about"
67-->src/main/AndroidManifest.xml:78:13-49
68            android:resource="@xml/about" />
68-->src/main/AndroidManifest.xml:79:13-42
69
70        <activity
70-->src/main/AndroidManifest.xml:81:9-109:20
71            android:name="org.openintents.filemanager.FileManagerActivity"
71-->src/main/AndroidManifest.xml:82:13-48
72            android:configChanges="orientation"
72-->src/main/AndroidManifest.xml:83:13-48
73            android:label="@string/app_name"
73-->src/main/AndroidManifest.xml:85:13-45
74            android:theme="@style/Theme.AppCompat.NoActionBar" >
74-->src/main/AndroidManifest.xml:84:13-63
75            <intent-filter>
75-->src/main/AndroidManifest.xml:86:13-89:29
76                <action android:name="android.intent.action.MAIN" />
76-->src/main/AndroidManifest.xml:87:17-68
76-->src/main/AndroidManifest.xml:87:25-66
77
78                <category android:name="android.intent.category.LAUNCHER" />
78-->src/main/AndroidManifest.xml:88:17-76
78-->src/main/AndroidManifest.xml:88:27-74
79            </intent-filter>
80            <intent-filter>
80-->src/main/AndroidManifest.xml:90:13-94:29
81                <action android:name="android.intent.action.VIEW" />
81-->src/main/AndroidManifest.xml:91:17-68
81-->src/main/AndroidManifest.xml:91:25-66
82
83                <category android:name="android.intent.category.DEFAULT" />
83-->src/main/AndroidManifest.xml:92:17-75
83-->src/main/AndroidManifest.xml:92:27-73
84
85                <data android:scheme="file" />
85-->src/main/AndroidManifest.xml:93:17-46
85-->src/main/AndroidManifest.xml:93:23-44
86            </intent-filter>
87            <intent-filter>
87-->src/main/AndroidManifest.xml:95:13-99:29
88                <action android:name="android.intent.action.VIEW" />
88-->src/main/AndroidManifest.xml:91:17-68
88-->src/main/AndroidManifest.xml:91:25-66
89
90                <category android:name="android.intent.category.DEFAULT" />
90-->src/main/AndroidManifest.xml:92:17-75
90-->src/main/AndroidManifest.xml:92:27-73
91
92                <data android:mimeType="vnd.android.document/directory" />
92-->src/main/AndroidManifest.xml:93:17-46
93            </intent-filter>
94            <intent-filter>
94-->src/main/AndroidManifest.xml:100:13-104:29
95                <action android:name="android.intent.action.VIEW" />
95-->src/main/AndroidManifest.xml:91:17-68
95-->src/main/AndroidManifest.xml:91:25-66
96
97                <category android:name="android.intent.category.DEFAULT" />
97-->src/main/AndroidManifest.xml:92:17-75
97-->src/main/AndroidManifest.xml:92:27-73
98
99                <data android:mimeType="resource/folder" />
99-->src/main/AndroidManifest.xml:93:17-46
100            </intent-filter>
101
102            <meta-data
102-->src/main/AndroidManifest.xml:106:13-108:61
103                android:name="android.app.default_searchable"
103-->src/main/AndroidManifest.xml:107:17-62
104                android:value=".search.SearchableActivity" />
104-->src/main/AndroidManifest.xml:108:17-59
105        </activity>
106        <activity
106-->src/main/AndroidManifest.xml:110:9-113:20
107            android:name="org.openintents.filemanager.bookmarks.BookmarkListActivity"
107-->src/main/AndroidManifest.xml:111:13-59
108            android:label="@string/bookmarks" >
108-->src/main/AndroidManifest.xml:112:13-46
109        </activity>
110        <activity
110-->src/main/AndroidManifest.xml:114:9-117:47
111            android:name="org.openintents.filemanager.PreferenceActivity"
111-->src/main/AndroidManifest.xml:115:13-47
112            android:label="@string/settings"
112-->src/main/AndroidManifest.xml:117:13-45
113            android:theme="@style/Theme.AppCompat" /> <!-- Filters for the Save as feature -->
113-->src/main/AndroidManifest.xml:116:13-51
114        <activity
114-->src/main/AndroidManifest.xml:120:9-158:20
115            android:name="org.openintents.filemanager.SaveAsActivity"
115-->src/main/AndroidManifest.xml:121:13-43
116            android:label="Save as" >
116-->src/main/AndroidManifest.xml:122:13-36
117
118            <!-- Save as a file: scheme (e.g. After downloading attachment in GMail -->
119            <!--
120            ** DEACTIVATED FOR NOW, because it interferes with many commands **
121            <intent-filter>
122		        <action android:name="android.intent.action.VIEW" />
123		        <category android:name="android.intent.category.DEFAULT" />
124		        <category android:name="android.intent.category.BROWSABLE" />
125		        <data android:scheme="file" android:host="*" android:mimeType="*/*"/>
126       		</intent-filter>
127            -->
128            <!-- Save as a content: scheme with CATHEGORY_OPENABLE - the right way -->
129            <intent-filter>
129-->src/main/AndroidManifest.xml:135:13-143:29
130                <action android:name="android.intent.action.VIEW" />
130-->src/main/AndroidManifest.xml:91:17-68
130-->src/main/AndroidManifest.xml:91:25-66
131
132                <category android:name="android.intent.category.OPENABLE" />
132-->src/main/AndroidManifest.xml:138:17-76
132-->src/main/AndroidManifest.xml:138:27-74
133
134                <data
134-->src/main/AndroidManifest.xml:93:17-46
135                    android:mimeType="*/*"
136                    android:scheme="content" />
136-->src/main/AndroidManifest.xml:93:23-44
137            </intent-filter>
138            <!--
139                 Special intent for GMail attachments. GMail doesn't use CATEGORY_OPENABLE,
140            	 although it's possible to use ContentResolver.openFileReader().
141            	 For further applications like GMail, just copy following five lines and change "gmail-ls"
142            	 to something else. You will also have to do some changes in SaveAsActivity.java
143            -->
144            <!--
145            ** DEACTIVATED FOR NOW, because it interferes with many commands **
146            <intent-filter>
147		        <action android:name="android.intent.action.VIEW" />
148		        <category android:name="android.intent.category.DEFAULT" />
149		        <data android:scheme="content" android:mimeType="*/*" android:host="gmail-ls"/>
150       		</intent-filter>
151            -->
152        </activity>
153
154        <provider
154-->src/main/AndroidManifest.xml:160:9-163:20
155            android:name="org.openintents.filemanager.bookmarks.BookmarksProvider"
155-->src/main/AndroidManifest.xml:161:13-56
156            android:authorities="org.openintents.filemanager.bookmarks" >
156-->src/main/AndroidManifest.xml:162:13-72
157        </provider>
158        <provider
158-->src/main/AndroidManifest.xml:164:9-167:20
159            android:name="org.openintents.filemanager.search.SearchResultsProvider"
159-->src/main/AndroidManifest.xml:165:13-57
160            android:authorities="org.openintents.filemanager.search" >
160-->src/main/AndroidManifest.xml:166:13-69
161        </provider>
162        <provider
162-->src/main/AndroidManifest.xml:168:9-171:20
163            android:name="org.openintents.filemanager.search.SearchSuggestionsProvider"
163-->src/main/AndroidManifest.xml:169:13-61
164            android:authorities="org.openintents.filemanager.search.suggest" >
164-->src/main/AndroidManifest.xml:170:13-77
165        </provider>
166        <provider
166-->src/main/AndroidManifest.xml:172:9-181:20
167            android:name="org.openintents.filemanager.FileManagerProvider"
167-->src/main/AndroidManifest.xml:173:13-48
168            android:authorities="org.openintents.filemanager"
168-->src/main/AndroidManifest.xml:174:13-62
169            android:exported="true"
169-->src/main/AndroidManifest.xml:175:13-36
170            android:grantUriPermissions="true"
170-->src/main/AndroidManifest.xml:176:13-47
171            android:permission="android.permission.READ_EXTERNAL_STORAGE" >
171-->src/main/AndroidManifest.xml:177:13-74
172            <meta-data
172-->src/main/AndroidManifest.xml:178:13-180:54
173                android:name="android.support.FILE_PROVIDER_PATHS"
173-->src/main/AndroidManifest.xml:179:17-67
174                android:resource="@xml/file_paths" />
174-->src/main/AndroidManifest.xml:180:17-51
175        </provider> <!-- Activities from OI Distribution Library -->
176        <activity
176-->src/main/AndroidManifest.xml:184:9-187:36
177            android:name="org.openintents.distribution.EulaActivity"
177-->src/main/AndroidManifest.xml:185:13-69
178            android:label="@string/oi_distribution_eula_title"
178-->[com.github.openintents:distribution:3.2.0] AndroidManifest.xml:25:13-63
179            android:theme="@style/Theme.AppCompat" />
179-->src/main/AndroidManifest.xml:186:13-51
180        <activity
180-->src/main/AndroidManifest.xml:188:9-191:36
181            android:name="org.openintents.distribution.NewVersionActivity"
181-->src/main/AndroidManifest.xml:189:13-75
182            android:theme="@style/Theme.AppCompat" />
182-->src/main/AndroidManifest.xml:190:13-51
183        <activity
183-->src/main/AndroidManifest.xml:192:9-202:20
184            android:name="org.openintents.filemanager.search.SearchableActivity"
184-->src/main/AndroidManifest.xml:193:13-54
185            android:launchMode="singleTop" >
185-->src/main/AndroidManifest.xml:194:13-43
186            <intent-filter>
186-->src/main/AndroidManifest.xml:195:13-197:29
187                <action android:name="android.intent.action.SEARCH" />
187-->src/main/AndroidManifest.xml:196:17-70
187-->src/main/AndroidManifest.xml:196:25-68
188            </intent-filter>
189
190            <meta-data
190-->src/main/AndroidManifest.xml:199:13-201:53
191                android:name="android.app.searchable"
191-->src/main/AndroidManifest.xml:200:17-54
192                android:resource="@xml/searchable" />
192-->src/main/AndroidManifest.xml:201:17-51
193        </activity>
194
195        <provider
195-->src/main/AndroidManifest.xml:204:9-207:20
196            android:name="org.openintents.filemanager.search.RecentsSuggestionsProvider"
196-->src/main/AndroidManifest.xml:205:13-62
197            android:authorities="org.openintents.filemanager.search.SuggestionProvider" >
197-->src/main/AndroidManifest.xml:206:13-88
198        </provider>
199
200        <service android:name="org.openintents.filemanager.search.SearchService" >
200-->src/main/AndroidManifest.xml:209:9-210:19
200-->src/main/AndroidManifest.xml:209:18-54
201        </service>
202
203        <activity android:name="org.openintents.filemanager.IntentFilterActivity" >
203-->src/main/AndroidManifest.xml:212:9-279:20
203-->src/main/AndroidManifest.xml:212:19-55
204            <intent-filter>
204-->src/main/AndroidManifest.xml:213:13-220:29
205                <action android:name="org.openintents.action.PICK_FILE" />
205-->src/main/AndroidManifest.xml:214:17-74
205-->src/main/AndroidManifest.xml:214:25-72
206
207                <category android:name="android.intent.category.DEFAULT" />
207-->src/main/AndroidManifest.xml:92:17-75
207-->src/main/AndroidManifest.xml:92:27-73
208
209                <data android:scheme="file" />
209-->src/main/AndroidManifest.xml:93:17-46
209-->src/main/AndroidManifest.xml:93:23-44
210                <data android:mimeType="*/*" />
210-->src/main/AndroidManifest.xml:93:17-46
211            </intent-filter>
212            <intent-filter>
212-->src/main/AndroidManifest.xml:221:13-227:29
213                <action android:name="org.openintents.action.PICK_FILE" />
213-->src/main/AndroidManifest.xml:214:17-74
213-->src/main/AndroidManifest.xml:214:25-72
214
215                <category android:name="android.intent.category.DEFAULT" />
215-->src/main/AndroidManifest.xml:92:17-75
215-->src/main/AndroidManifest.xml:92:27-73
216
217                <data android:scheme="file" />
217-->src/main/AndroidManifest.xml:93:17-46
217-->src/main/AndroidManifest.xml:93:23-44
218            </intent-filter>
219            <intent-filter>
219-->src/main/AndroidManifest.xml:228:13-232:29
220                <action android:name="org.openintents.action.PICK_FILE" />
220-->src/main/AndroidManifest.xml:214:17-74
220-->src/main/AndroidManifest.xml:214:25-72
221
222                <category android:name="android.intent.category.DEFAULT" />
222-->src/main/AndroidManifest.xml:92:17-75
222-->src/main/AndroidManifest.xml:92:27-73
223
224                <data android:mimeType="*/*" />
224-->src/main/AndroidManifest.xml:93:17-46
225            </intent-filter>
226            <intent-filter>
226-->src/main/AndroidManifest.xml:233:13-237:29
227                <action android:name="org.openintents.action.PICK_FILE" />
227-->src/main/AndroidManifest.xml:214:17-74
227-->src/main/AndroidManifest.xml:214:25-72
228
229                <category android:name="android.intent.category.DEFAULT" />
229-->src/main/AndroidManifest.xml:92:17-75
229-->src/main/AndroidManifest.xml:92:27-73
230            </intent-filter>
231            <intent-filter>
231-->src/main/AndroidManifest.xml:238:13-244:29
232                <action android:name="org.openintents.action.PICK_DIRECTORY" />
232-->src/main/AndroidManifest.xml:239:17-79
232-->src/main/AndroidManifest.xml:239:25-77
233
234                <category android:name="android.intent.category.DEFAULT" />
234-->src/main/AndroidManifest.xml:92:17-75
234-->src/main/AndroidManifest.xml:92:27-73
235
236                <data android:scheme="file" />
236-->src/main/AndroidManifest.xml:93:17-46
236-->src/main/AndroidManifest.xml:93:23-44
237            </intent-filter>
238            <intent-filter>
238-->src/main/AndroidManifest.xml:245:13-249:29
239                <action android:name="org.openintents.action.PICK_DIRECTORY" />
239-->src/main/AndroidManifest.xml:239:17-79
239-->src/main/AndroidManifest.xml:239:25-77
240
241                <category android:name="android.intent.category.DEFAULT" />
241-->src/main/AndroidManifest.xml:92:17-75
241-->src/main/AndroidManifest.xml:92:27-73
242            </intent-filter>
243            <intent-filter>
243-->src/main/AndroidManifest.xml:250:13-257:29
244                <action android:name="android.intent.action.GET_CONTENT" />
244-->src/main/AndroidManifest.xml:251:17-75
244-->src/main/AndroidManifest.xml:251:25-73
245
246                <data android:mimeType="*/*" />
246-->src/main/AndroidManifest.xml:93:17-46
247
248                <category android:name="android.intent.category.DEFAULT" />
248-->src/main/AndroidManifest.xml:92:17-75
248-->src/main/AndroidManifest.xml:92:27-73
249                <category android:name="android.intent.category.OPENABLE" />
249-->src/main/AndroidManifest.xml:138:17-76
249-->src/main/AndroidManifest.xml:138:27-74
250            </intent-filter>
251            <intent-filter>
251-->src/main/AndroidManifest.xml:258:13-265:29
252                <action android:name="android.intent.action.GET_CONTENT" />
252-->src/main/AndroidManifest.xml:251:17-75
252-->src/main/AndroidManifest.xml:251:25-73
253
254                <data android:scheme="file" />
254-->src/main/AndroidManifest.xml:93:17-46
254-->src/main/AndroidManifest.xml:93:23-44
255
256                <category android:name="android.intent.category.DEFAULT" />
256-->src/main/AndroidManifest.xml:92:17-75
256-->src/main/AndroidManifest.xml:92:27-73
257                <category android:name="android.intent.category.OPENABLE" />
257-->src/main/AndroidManifest.xml:138:17-76
257-->src/main/AndroidManifest.xml:138:27-74
258            </intent-filter>
259            <intent-filter>
259-->src/main/AndroidManifest.xml:266:13-271:29
260                <action android:name="android.intent.action.GET_CONTENT" />
260-->src/main/AndroidManifest.xml:251:17-75
260-->src/main/AndroidManifest.xml:251:25-73
261
262                <category android:name="android.intent.category.DEFAULT" />
262-->src/main/AndroidManifest.xml:92:17-75
262-->src/main/AndroidManifest.xml:92:27-73
263                <category android:name="android.intent.category.OPENABLE" />
263-->src/main/AndroidManifest.xml:138:17-76
263-->src/main/AndroidManifest.xml:138:27-74
264            </intent-filter>
265
266            <!-- Filter for multi select feature -->
267            <intent-filter>
267-->src/main/AndroidManifest.xml:274:13-278:29
268                <action android:name="org.openintents.action.MULTI_SELECT" />
268-->src/main/AndroidManifest.xml:275:17-77
268-->src/main/AndroidManifest.xml:275:25-75
269
270                <category android:name="android.intent.category.DEFAULT" />
270-->src/main/AndroidManifest.xml:92:17-75
270-->src/main/AndroidManifest.xml:92:27-73
271            </intent-filter>
272        </activity>
273        <activity
273-->[com.github.openintents:distribution:3.2.0] AndroidManifest.xml:27:9-37:20
274            android:name="org.openintents.distribution.about.About"
274-->[com.github.openintents:distribution:3.2.0] AndroidManifest.xml:28:13-68
275            android:label="@string/about" >
275-->[com.github.openintents:distribution:3.2.0] AndroidManifest.xml:29:13-42
276
277            <!-- android:launchMode="singleTop" android:screenOrientation="sensor" -->
278            <intent-filter>
278-->[com.github.openintents:distribution:3.2.0] AndroidManifest.xml:32:13-36:29
279                <action android:name="android.intent.action.MAIN" />
279-->src/main/AndroidManifest.xml:87:17-68
279-->src/main/AndroidManifest.xml:87:25-66
280
281                <category android:name="android.intent.category.MONKEY" />
281-->[com.github.openintents:distribution:3.2.0] AndroidManifest.xml:35:17-75
281-->[com.github.openintents:distribution:3.2.0] AndroidManifest.xml:35:27-72
282            </intent-filter>
283        </activity>
284    </application>
285
286</manifest>